This file contains any messages produced by compilers while
running configure, to aid debugging if configure makes a mistake.

It was created by FASTX Toolkit configure 0.0.13, which was
generated by GNU Autoconf 2.61.  Invocation command line was

  $ ./configure --prefix=/shr/home/cc472/bin/fastx_toolkit-0.0.13

## --------- ##
## Platform. ##
## --------- ##

hostname = n265
uname -m = x86_64
uname -r = 2.6.18-128.1.14.el5.8hp
uname -s = Linux
uname -v = #1 SMP Wed Jul 1 10:51:00 EDT 2009

/usr/bin/uname -p = unknown
/bin/uname -X     = unknown

/bin/arch              = x86_64
/usr/bin/arch -k       = unknown
/usr/convex/getsysinfo = unknown
/usr/bin/hostinfo      = unknown
/bin/machine           = unknown
/usr/bin/oslevel       = unknown
/bin/universe          = unknown

PATH: /source/blat/bin/x86_64-redhat-linux-gnu
PATH: /source/ncbi/bin
PATH: /source/gnu_4.2/bin
PATH: /source/intel/cce/10.1.008/bin
PATH: /source/matlab2007b/bin
PATH: /source/lam_7.1.4/bin
PATH: /opt/hpmpi/bin
PATH: /opt/vltmpi/OPENIB/mpi/bin
PATH: /opt/hptc/bin
PATH: /opt/hptc/lsf/top/7.0/linux2.6-glibc2.3-x86_64/etc
PATH: /opt/hptc/lsf/top/7.0/linux2.6-glibc2.3-x86_64/bin
PATH: /usr/kerberos/bin
PATH: /usr/local/bin
PATH: /bin
PATH: /usr/bin
PATH: /shr/home/cc472/bin/samtools-0.1.8
PATH: /shr/home/cc472/bin/R-2.11.1/bin
PATH: /shr/home/cc472/bin/bwa-0.5.8a
PATH: /shr/home/cc472/bin/jdk1.6.0_21/bin
PATH: /shr/home/cc472/bin/maq-0.7.1
PATH: /shr/home/cc472/bin/apache-ant-1.8.1/bin
PATH: /shr/home/cc472/bin/GEM-binaries-Linux-x86_64-20100419-003425
PATH: /shr/home/cc472/bin/UCSC-tools
PATH: /shr/home/cc472/bin/fastx_toolkit-0.0.13
PATH: /shr/home/cc472/bin/Python-2.7/bin
PATH: /shr/home/cc472/bin/SLOPE
PATH: /shr/home/cc472/bin


## ----------- ##
## Core tests. ##
## ----------- ##

configure:1994: checking for a BSD-compatible install
configure:2050: result: /usr/bin/install -c
configure:2061: checking whether build environment is sane
configure:2104: result: yes
configure:2132: checking for a thread-safe mkdir -p
configure:2171: result: /bin/mkdir -p
configure:2184: checking for gawk
configure:2200: found /bin/gawk
configure:2211: result: gawk
configure:2222: checking whether make sets $(MAKE)
configure:2243: result: yes
configure:2480: checking for gcc
configure:2496: found /source/gnu_4.2/bin/gcc
configure:2507: result: gcc
configure:2745: checking for C compiler version
configure:2752: gcc --version >&5
gcc (GCC) 4.2.2
Copyright (C) 2007 Free Software Foundation, Inc.
This is free software; see the source for copying conditions.  There is NO
warranty; not even for MERCHANTABILITY or FITNESS FOR A PARTICULAR PURPOSE.

configure:2755: $? = 0
configure:2762: gcc -v >&5
Using built-in specs.
Target: x86_64-unknown-linux-gnu
Configured with: ../configure --prefix=/shr/home/source/gnu_4.2 --with-gmp=/shr/home/source/gnu_4.2 --with-mpfr=/shr/home/source/gnu_4.2 --disable-multilib
Thread model: posix
gcc version 4.2.2
configure:2765: $? = 0
configure:2772: gcc -V >&5
gcc: '-V' option must have argument
configure:2775: $? = 1
configure:2798: checking for C compiler default output file name
configure:2825: gcc    conftest.c  >&5
configure:2828: $? = 0
configure:2866: result: a.out
configure:2883: checking whether the C compiler works
configure:2893: ./a.out
configure:2896: $? = 0
configure:2913: result: yes
configure:2920: checking whether we are cross compiling
configure:2922: result: no
configure:2925: checking for suffix of executables
configure:2932: gcc -o conftest    conftest.c  >&5
configure:2935: $? = 0
configure:2959: result: 
configure:2965: checking for suffix of object files
configure:2991: gcc -c   conftest.c >&5
configure:2994: $? = 0
configure:3017: result: o
configure:3021: checking whether we are using the GNU C compiler
configure:3050: gcc -c   conftest.c >&5
configure:3056: $? = 0
configure:3073: result: yes
configure:3078: checking whether gcc accepts -g
configure:3108: gcc -c -g  conftest.c >&5
configure:3114: $? = 0
configure:3213: result: yes
configure:3230: checking for gcc option to accept ISO C89
configure:3304: gcc  -c -g -O2  conftest.c >&5
configure:3310: $? = 0
configure:3333: result: none needed
configure:3362: checking for style of include used by make
configure:3390: result: GNU
configure:3415: checking dependency style of gcc
configure:3506: result: gcc3
configure:3579: checking for g++
configure:3595: found /source/gnu_4.2/bin/g++
configure:3606: result: g++
configure:3637: checking for C++ compiler version
configure:3644: g++ --version >&5
g++ (GCC) 4.2.2
Copyright (C) 2007 Free Software Foundation, Inc.
This is free software; see the source for copying conditions.  There is NO
warranty; not even for MERCHANTABILITY or FITNESS FOR A PARTICULAR PURPOSE.

configure:3647: $? = 0
configure:3654: g++ -v >&5
Using built-in specs.
Target: x86_64-unknown-linux-gnu
Configured with: ../configure --prefix=/shr/home/source/gnu_4.2 --with-gmp=/shr/home/source/gnu_4.2 --with-mpfr=/shr/home/source/gnu_4.2 --disable-multilib
Thread model: posix
gcc version 4.2.2
configure:3657: $? = 0
configure:3664: g++ -V >&5
g++: '-V' option must have argument
configure:3667: $? = 1
configure:3670: checking whether we are using the GNU C++ compiler
configure:3699: g++ -c   conftest.cpp >&5
configure:3705: $? = 0
configure:3722: result: yes
configure:3727: checking whether g++ accepts -g
configure:3757: g++ -c -g  conftest.cpp >&5
configure:3763: $? = 0
configure:3862: result: yes
configure:3887: checking dependency style of g++
configure:3978: result: gcc3
configure:4024: checking build system type
configure:4042: result: x86_64-unknown-linux-gnu
configure:4064: checking host system type
configure:4079: result: x86_64-unknown-linux-gnu
configure:4101: checking for a sed that does not truncate output
configure:4180: result: /bin/sed
configure:4198: checking for grep that handles long lines and -e
configure:4272: result: /bin/grep
configure:4277: checking for egrep
configure:4355: result: /bin/grep -E
configure:4360: checking for fgrep
configure:4438: result: /bin/grep -F
configure:4473: checking for ld used by gcc
configure:4540: result: /usr/bin/ld
configure:4549: checking if the linker (/usr/bin/ld) is GNU ld
configure:4564: result: yes
configure:4576: checking for BSD- or MS-compatible name lister (nm)
configure:4625: result: /usr/bin/nm -B
configure:4747: checking the name lister (/usr/bin/nm -B) interface
configure:4754: gcc -c -g -O2  conftest.c >&5
configure:4757: /usr/bin/nm -B "conftest.o"
configure:4760: output
0000000000000000 B some_variable
configure:4767: result: BSD nm
configure:4770: checking whether ln -s works
configure:4774: result: yes
configure:4782: checking the maximum length of command line arguments
configure:4902: result: 98304
configure:4919: checking whether the shell understands some XSI constructs
configure:4929: result: yes
configure:4933: checking whether the shell understands "+="
configure:4939: result: yes
configure:4974: checking for /usr/bin/ld option to reload object files
configure:4981: result: -r
configure:5050: checking for objdump
configure:5066: found /usr/bin/objdump
configure:5077: result: objdump
configure:5113: checking how to recognize dependent libraries
configure:5309: result: pass_all
configure:5369: checking for ar
configure:5385: found /usr/bin/ar
configure:5396: result: ar
configure:5478: checking for strip
configure:5494: found /usr/bin/strip
configure:5505: result: strip
configure:5581: checking for ranlib
configure:5597: found /usr/bin/ranlib
configure:5608: result: ranlib
configure:5702: checking command to parse /usr/bin/nm -B output from gcc object
configure:5820: gcc -c -g -O2  conftest.c >&5
configure:5823: $? = 0
configure:5827: /usr/bin/nm -B conftest.o \| sed -n -e 's/^.*[	 ]\([ABCDGIRSTW][ABCDGIRSTW]*\)[	 ][	 ]*\([_A-Za-z][_A-Za-z0-9]*\)$/\1 \2 \2/p' \> conftest.nm
configure:5830: $? = 0
configure:5884: gcc -o conftest -g -O2   conftest.c conftstm.o >&5
configure:5887: $? = 0
configure:5925: result: ok
configure:6021: gcc -c -g -O2  conftest.c >&5
configure:6024: $? = 0
configure:6804: checking how to run the C preprocessor
configure:6844: gcc -E  conftest.c
configure:6850: $? = 0
configure:6881: gcc -E  conftest.c
conftest.c:10:28: error: ac_nonexistent.h: No such file or directory
configure:6887: $? = 1
configure: failed program was:
| /* confdefs.h.  */
| #define PACKAGE_NAME "FASTX Toolkit"
| #define PACKAGE_TARNAME "fastx_toolkit"
| #define PACKAGE_VERSION "0.0.13"
| #define PACKAGE_STRING "FASTX Toolkit 0.0.13"
| #define PACKAGE_BUGREPORT "Assaf Gordon gordon@cshl.edu"
| #define PACKAGE "fastx_toolkit"
| #define VERSION "0.0.13"
| /* end confdefs.h.  */
| #include <ac_nonexistent.h>
configure:6920: result: gcc -E
configure:6949: gcc -E  conftest.c
configure:6955: $? = 0
configure:6986: gcc -E  conftest.c
conftest.c:10:28: error: ac_nonexistent.h: No such file or directory
configure:6992: $? = 1
configure: failed program was:
| /* confdefs.h.  */
| #define PACKAGE_NAME "FASTX Toolkit"
| #define PACKAGE_TARNAME "fastx_toolkit"
| #define PACKAGE_VERSION "0.0.13"
| #define PACKAGE_STRING "FASTX Toolkit 0.0.13"
| #define PACKAGE_BUGREPORT "Assaf Gordon gordon@cshl.edu"
| #define PACKAGE "fastx_toolkit"
| #define VERSION "0.0.13"
| /* end confdefs.h.  */
| #include <ac_nonexistent.h>
configure:7030: checking for ANSI C header files
configure:7060: gcc -c -g -O2  conftest.c >&5
configure:7066: $? = 0
configure:7165: gcc -o conftest -g -O2   conftest.c  >&5
configure:7168: $? = 0
configure:7174: ./conftest
configure:7177: $? = 0
configure:7194: result: yes
configure:7218: checking for sys/types.h
configure:7239: gcc -c -g -O2  conftest.c >&5
configure:7245: $? = 0
configure:7261: result: yes
configure:7218: checking for sys/stat.h
configure:7239: gcc -c -g -O2  conftest.c >&5
configure:7245: $? = 0
configure:7261: result: yes
configure:7218: checking for stdlib.h
configure:7239: gcc -c -g -O2  conftest.c >&5
configure:7245: $? = 0
configure:7261: result: yes
configure:7218: checking for string.h
configure:7239: gcc -c -g -O2  conftest.c >&5
configure:7245: $? = 0
configure:7261: result: yes
configure:7218: checking for memory.h
configure:7239: gcc -c -g -O2  conftest.c >&5
configure:7245: $? = 0
configure:7261: result: yes
configure:7218: checking for strings.h
configure:7239: gcc -c -g -O2  conftest.c >&5
configure:7245: $? = 0
configure:7261: result: yes
configure:7218: checking for inttypes.h
configure:7239: gcc -c -g -O2  conftest.c >&5
configure:7245: $? = 0
configure:7261: result: yes
configure:7218: checking for stdint.h
configure:7239: gcc -c -g -O2  conftest.c >&5
configure:7245: $? = 0
configure:7261: result: yes
configure:7218: checking for unistd.h
configure:7239: gcc -c -g -O2  conftest.c >&5
configure:7245: $? = 0
configure:7261: result: yes
configure:7277: checking for dlfcn.h
configure:7298: gcc -c -g -O2  conftest.c >&5
configure:7304: $? = 0
configure:7320: result: yes
configure:7449: checking for C++ compiler version
configure:7456: g++ --version >&5
g++ (GCC) 4.2.2
Copyright (C) 2007 Free Software Foundation, Inc.
This is free software; see the source for copying conditions.  There is NO
warranty; not even for MERCHANTABILITY or FITNESS FOR A PARTICULAR PURPOSE.

configure:7459: $? = 0
configure:7466: g++ -v >&5
Using built-in specs.
Target: x86_64-unknown-linux-gnu
Configured with: ../configure --prefix=/shr/home/source/gnu_4.2 --with-gmp=/shr/home/source/gnu_4.2 --with-mpfr=/shr/home/source/gnu_4.2 --disable-multilib
Thread model: posix
gcc version 4.2.2
configure:7469: $? = 0
configure:7476: g++ -V >&5
g++: '-V' option must have argument
configure:7479: $? = 1
configure:7482: checking whether we are using the GNU C++ compiler
configure:7534: result: yes
configure:7539: checking whether g++ accepts -g
configure:7674: result: yes
configure:7699: checking dependency style of g++
configure:7790: result: gcc3
configure:7813: checking how to run the C++ preprocessor
configure:7849: g++ -E  conftest.cpp
configure:7855: $? = 0
configure:7886: g++ -E  conftest.cpp
conftest.cpp:21:28: error: ac_nonexistent.h: No such file or directory
configure:7892: $? = 1
configure: failed program was:
| /* confdefs.h.  */
| #define PACKAGE_NAME "FASTX Toolkit"
| #define PACKAGE_TARNAME "fastx_toolkit"
| #define PACKAGE_VERSION "0.0.13"
| #define PACKAGE_STRING "FASTX Toolkit 0.0.13"
| #define PACKAGE_BUGREPORT "Assaf Gordon gordon@cshl.edu"
| #define PACKAGE "fastx_toolkit"
| #define VERSION "0.0.13"
| #define STDC_HEADERS 1
| #define HAVE_SYS_TYPES_H 1
| #define HAVE_SYS_STAT_H 1
| #define HAVE_STDLIB_H 1
| #define HAVE_STRING_H 1
| #define HAVE_MEMORY_H 1
| #define HAVE_STRINGS_H 1
| #define HAVE_INTTYPES_H 1
| #define HAVE_STDINT_H 1
| #define HAVE_UNISTD_H 1
| #define HAVE_DLFCN_H 1
| /* end confdefs.h.  */
| #include <ac_nonexistent.h>
configure:7925: result: g++ -E
configure:7954: g++ -E  conftest.cpp
configure:7960: $? = 0
configure:7991: g++ -E  conftest.cpp
conftest.cpp:21:28: error: ac_nonexistent.h: No such file or directory
configure:7997: $? = 1
configure: failed program was:
| /* confdefs.h.  */
| #define PACKAGE_NAME "FASTX Toolkit"
| #define PACKAGE_TARNAME "fastx_toolkit"
| #define PACKAGE_VERSION "0.0.13"
| #define PACKAGE_STRING "FASTX Toolkit 0.0.13"
| #define PACKAGE_BUGREPORT "Assaf Gordon gordon@cshl.edu"
| #define PACKAGE "fastx_toolkit"
| #define VERSION "0.0.13"
| #define STDC_HEADERS 1
| #define HAVE_SYS_TYPES_H 1
| #define HAVE_SYS_STAT_H 1
| #define HAVE_STDLIB_H 1
| #define HAVE_STRING_H 1
| #define HAVE_MEMORY_H 1
| #define HAVE_STRINGS_H 1
| #define HAVE_INTTYPES_H 1
| #define HAVE_STDINT_H 1
| #define HAVE_UNISTD_H 1
| #define HAVE_DLFCN_H 1
| /* end confdefs.h.  */
| #include <ac_nonexistent.h>
configure:8209: checking for objdir
configure:8224: result: .libs
configure:8520: checking if gcc supports -fno-rtti -fno-exceptions
configure:8538: gcc -c -g -O2  -fno-rtti -fno-exceptions conftest.c >&5
cc1: warning: command line option "-fno-rtti" is valid for C++/ObjC++ but not for C
configure:8542: $? = 0
configure:8555: result: no
configure:8575: checking for gcc option to produce PIC
configure:8847: result: -fPIC -DPIC
configure:8859: checking if gcc PIC flag -fPIC -DPIC works
configure:8877: gcc -c -g -O2  -fPIC -DPIC -DPIC conftest.c >&5
configure:8881: $? = 0
configure:8894: result: yes
configure:8918: checking if gcc static flag -static works
configure:8946: result: yes
configure:8961: checking if gcc supports -c -o file.o
configure:8982: gcc -c -g -O2  -o out/conftest2.o conftest.c >&5
configure:8986: $? = 0
configure:9008: result: yes
configure:9016: checking if gcc supports -c -o file.o
configure:9063: result: yes
configure:9096: checking whether the gcc linker (/usr/bin/ld -m elf_x86_64) supports shared libraries
configure:10159: result: yes
configure:10196: checking whether -lc should be explicitly linked in
configure:10201: gcc -c -g -O2  conftest.c >&5
configure:10204: $? = 0
configure:10219: gcc -shared conftest.o  -v -Wl,-soname -Wl,conftest -o conftest 2\>\&1 \| /bin/grep  -lc  \>/dev/null 2\>\&1
configure:10222: $? = 0
configure:10234: result: no
configure:10398: checking dynamic linker characteristics
configure:10841: gcc -o conftest -g -O2   -Wl,-rpath -Wl,/foo conftest.c  >&5
configure:10847: $? = 0
configure:11089: result: GNU/Linux ld.so
configure:11191: checking how to hardcode library paths into programs
configure:11216: result: immediate
configure:12021: checking whether stripping libraries is possible
configure:12026: result: yes
configure:12061: checking if libtool supports shared libraries
configure:12063: result: yes
configure:12066: checking whether to build shared libraries
configure:12087: result: yes
configure:12090: checking whether to build static libraries
configure:12094: result: yes
configure:12244: checking for ld used by g++
configure:12311: result: /usr/bin/ld -m elf_x86_64
configure:12320: checking if the linker (/usr/bin/ld -m elf_x86_64) is GNU ld
configure:12335: result: yes
configure:12390: checking whether the g++ linker (/usr/bin/ld -m elf_x86_64) supports shared libraries
configure:13357: result: yes
configure:13385: g++ -c -g -O2  conftest.cpp >&5
configure:13388: $? = 0
configure:13570: checking for g++ option to produce PIC
configure:13887: result: -fPIC -DPIC
configure:13896: checking if g++ PIC flag -fPIC -DPIC works
configure:13914: g++ -c -g -O2  -fPIC -DPIC -DPIC conftest.cpp >&5
configure:13918: $? = 0
configure:13931: result: yes
configure:13952: checking if g++ static flag -static works
configure:13980: result: yes
configure:13992: checking if g++ supports -c -o file.o
configure:14013: g++ -c -g -O2  -o out/conftest2.o conftest.cpp >&5
configure:14017: $? = 0
configure:14039: result: yes
configure:14044: checking if g++ supports -c -o file.o
configure:14091: result: yes
configure:14121: checking whether the g++ linker (/usr/bin/ld -m elf_x86_64) supports shared libraries
configure:14150: result: yes
configure:14287: checking dynamic linker characteristics
configure:14678: g++ -o conftest -g -O2   -Wl,-rpath -Wl,/foo conftest.cpp  >&5
configure:14684: $? = 0
configure:14926: result: GNU/Linux ld.so
configure:14977: checking how to hardcode library paths into programs
configure:15002: result: immediate
configure:15060: checking for long long int
configure:15111: result: yes
configure:15122: checking for ISO C++ TR1 include files
configure:15157: g++ -c -g -O2  conftest.cpp >&5
configure:15163: $? = 0
configure:15185: result: yes
configure:15250: checking for pkg-config
configure:15268: found /usr/bin/pkg-config
configure:15280: result: /usr/bin/pkg-config
configure:15309: checking pkg-config is at least version 0.9.0
configure:15312: result: yes
configure:15323: checking for GTEXTUTILS
configure:15331: $PKG_CONFIG --exists --print-errors "gtextutils"
configure:15334: $? = 0
configure:15349: $PKG_CONFIG --exists --print-errors "gtextutils"
configure:15352: $? = 0
configure:15428: result: yes
configure:15624: creating ./config.status

## ---------------------- ##
## Running config.status. ##
## ---------------------- ##

This file was extended by FASTX Toolkit config.status 0.0.13, which was
generated by GNU Autoconf 2.61.  Invocation command line was

  CONFIG_FILES    = 
  CONFIG_HEADERS  = 
  CONFIG_LINKS    = 
  CONFIG_COMMANDS = 
  $ ./config.status 

on n265

config.status:944: creating Makefile
config.status:944: creating doc/Makefile
config.status:944: creating m4/Makefile
config.status:944: creating src/Makefile
config.status:944: creating src/libfastx/Makefile
config.status:944: creating src/fastx_clipper/Makefile
config.status:944: creating src/fastq_to_fasta/Makefile
config.status:944: creating src/fastx_quality_stats/Makefile
config.status:944: creating src/fastq_quality_converter/Makefile
config.status:944: creating src/fastx_trimmer/Makefile
config.status:944: creating src/fastq_quality_filter/Makefile
config.status:944: creating src/fastq_quality_trimmer/Makefile
config.status:944: creating src/fastx_artifacts_filter/Makefile
config.status:944: creating src/fastx_reverse_complement/Makefile
config.status:944: creating src/fastx_collapser/Makefile
config.status:944: creating src/fastx_uncollapser/Makefile
config.status:944: creating src/seqalign_test/Makefile
config.status:944: creating src/fasta_formatter/Makefile
config.status:944: creating src/fasta_nucleotide_changer/Makefile
config.status:944: creating src/fastx_renamer/Makefile
config.status:944: creating src/fastq_masker/Makefile
config.status:944: creating galaxy/Makefile
config.status:944: creating galaxy/tools/Makefile
config.status:944: creating galaxy/tools/fastx_toolkit/Makefile
config.status:944: creating galaxy/tools/cshl_custom_fastx_toolkit/Makefile
config.status:944: creating galaxy/test-data/Makefile
config.status:944: creating galaxy/static/Makefile
config.status:944: creating galaxy/static/fastx_icons/Makefile
config.status:944: creating galaxy/tool-data/Makefile
config.status:944: creating scripts/Makefile
config.status:944: creating build_scripts/Makefile
config.status:944: creating config.h
config.status:1221: executing depfiles commands
config.status:1221: executing libtool commands

## ---------------- ##
## Cache variables. ##
## ---------------- ##

ac_cv_build=x86_64-unknown-linux-gnu
ac_cv_c_compiler_gnu=yes
ac_cv_c_long_long=yes
ac_cv_cxx_compiler_gnu=yes
ac_cv_env_CCC_set=
ac_cv_env_CCC_value=
ac_cv_env_CC_set=
ac_cv_env_CC_value=
ac_cv_env_CFLAGS_set=
ac_cv_env_CFLAGS_value=
ac_cv_env_CPPFLAGS_set=
ac_cv_env_CPPFLAGS_value=
ac_cv_env_CPP_set=
ac_cv_env_CPP_value=
ac_cv_env_CXXCPP_set=
ac_cv_env_CXXCPP_value=
ac_cv_env_CXXFLAGS_set=
ac_cv_env_CXXFLAGS_value=
ac_cv_env_CXX_set=
ac_cv_env_CXX_value=
ac_cv_env_GTEXTUTILS_CFLAGS_set=
ac_cv_env_GTEXTUTILS_CFLAGS_value=
ac_cv_env_GTEXTUTILS_LIBS_set=
ac_cv_env_GTEXTUTILS_LIBS_value=
ac_cv_env_LDFLAGS_set=
ac_cv_env_LDFLAGS_value=
ac_cv_env_LIBS_set=
ac_cv_env_LIBS_value=
ac_cv_env_PKG_CONFIG_set=
ac_cv_env_PKG_CONFIG_value=
ac_cv_env_build_alias_set=
ac_cv_env_build_alias_value=
ac_cv_env_host_alias_set=
ac_cv_env_host_alias_value=
ac_cv_env_target_alias_set=
ac_cv_env_target_alias_value=
ac_cv_header_dlfcn_h=yes
ac_cv_header_inttypes_h=yes
ac_cv_header_memory_h=yes
ac_cv_header_stdc=yes
ac_cv_header_stdint_h=yes
ac_cv_header_stdlib_h=yes
ac_cv_header_string_h=yes
ac_cv_header_strings_h=yes
ac_cv_header_sys_stat_h=yes
ac_cv_header_sys_types_h=yes
ac_cv_header_unistd_h=yes
ac_cv_host=x86_64-unknown-linux-gnu
ac_cv_objext=o
ac_cv_path_EGREP='/bin/grep -E'
ac_cv_path_FGREP='/bin/grep -F'
ac_cv_path_GREP=/bin/grep
ac_cv_path_SED=/bin/sed
ac_cv_path_ac_pt_PKG_CONFIG=/usr/bin/pkg-config
ac_cv_path_install='/usr/bin/install -c'
ac_cv_path_mkdir=/bin/mkdir
ac_cv_prog_AWK=gawk
ac_cv_prog_CPP='gcc -E'
ac_cv_prog_CXXCPP='g++ -E'
ac_cv_prog_ac_ct_AR=ar
ac_cv_prog_ac_ct_CC=gcc
ac_cv_prog_ac_ct_CXX=g++
ac_cv_prog_ac_ct_OBJDUMP=objdump
ac_cv_prog_ac_ct_RANLIB=ranlib
ac_cv_prog_ac_ct_STRIP=strip
ac_cv_prog_cc_c89=
ac_cv_prog_cc_g=yes
ac_cv_prog_cxx_g=yes
ac_cv_prog_make_make_set=yes
am_cv_CC_dependencies_compiler_type=gcc3
am_cv_CXX_dependencies_compiler_type=gcc3
ax_cv_cxx_stdcxx_tr1=yes
lt_cv_deplibs_check_method=pass_all
lt_cv_file_magic_cmd='$MAGIC_CMD'
lt_cv_file_magic_test_file=
lt_cv_ld_reload_flag=-r
lt_cv_nm_interface='BSD nm'
lt_cv_objdir=.libs
lt_cv_path_LD=/usr/bin/ld
lt_cv_path_LDCXX='/usr/bin/ld -m elf_x86_64'
lt_cv_path_NM='/usr/bin/nm -B'
lt_cv_prog_compiler_c_o=yes
lt_cv_prog_compiler_c_o_CXX=yes
lt_cv_prog_compiler_pic_works=yes
lt_cv_prog_compiler_pic_works_CXX=yes
lt_cv_prog_compiler_rtti_exceptions=no
lt_cv_prog_compiler_static_works=yes
lt_cv_prog_compiler_static_works_CXX=yes
lt_cv_prog_gnu_ld=yes
lt_cv_prog_gnu_ldcxx=yes
lt_cv_sys_global_symbol_pipe='sed -n -e '\''s/^.*[	 ]\([ABCDGIRSTW][ABCDGIRSTW]*\)[	 ][	 ]*\([_A-Za-z][_A-Za-z0-9]*\)$/\1 \2 \2/p'\'''
lt_cv_sys_global_symbol_to_c_name_address='sed -n -e '\''s/^: \([^ ]*\) $/  {\"\1\", (void *) 0},/p'\'' -e '\''s/^[ABCDGIRSTW]* \([^ ]*\) \([^ ]*\)$/  {"\2", (void *) \&\2},/p'\'''
lt_cv_sys_global_symbol_to_c_name_address_lib_prefix='sed -n -e '\''s/^: \([^ ]*\) $/  {\"\1\", (void *) 0},/p'\'' -e '\''s/^[ABCDGIRSTW]* \([^ ]*\) \(lib[^ ]*\)$/  {"\2", (void *) \&\2},/p'\'' -e '\''s/^[ABCDGIRSTW]* \([^ ]*\) \([^ ]*\)$/  {"lib\2", (void *) \&\2},/p'\'''
lt_cv_sys_global_symbol_to_cdecl='sed -n -e '\''s/^T .* \(.*\)$/extern int \1();/p'\'' -e '\''s/^[ABCDGIRSTW]* .* \(.*\)$/extern char \1;/p'\'''
lt_cv_sys_max_cmd_len=98304
pkg_cv_GTEXTUTILS_CFLAGS='-I/shr/home/cc472/bin/libgtextutils-0.6/include/gtextutils  '
pkg_cv_GTEXTUTILS_LIBS='-L/shr/home/cc472/bin/libgtextutils-0.6/lib -lgtextutils  '

## ----------------- ##
## Output variables. ##
## ----------------- ##

ACLOCAL='${SHELL} /shr/home/cc472/bin/fastx_toolkit-0.0.13/config/missing --run aclocal-1.10'
AMDEPBACKSLASH='\'
AMDEP_FALSE='#'
AMDEP_TRUE=''
AMTAR='${SHELL} /shr/home/cc472/bin/fastx_toolkit-0.0.13/config/missing --run tar'
AR='ar'
AUTOCONF='${SHELL} /shr/home/cc472/bin/fastx_toolkit-0.0.13/config/missing --run autoconf'
AUTOHEADER='${SHELL} /shr/home/cc472/bin/fastx_toolkit-0.0.13/config/missing --run autoheader'
AUTOMAKE='${SHELL} /shr/home/cc472/bin/fastx_toolkit-0.0.13/config/missing --run automake-1.10'
AWK='gawk'
CC='gcc'
CCDEPMODE='depmode=gcc3'
CFLAGS='-g -O2 -Wall -Wextra -Wformat-nonliteral -Wformat-security -Wswitch-default -Wswitch-enum -Wunused-parameter -Wfloat-equal -Werror -DDEBUG -g -O1'
CPP='gcc -E'
CPPFLAGS=''
CXX='g++'
CXXCPP='g++ -E'
CXXDEPMODE='depmode=gcc3'
CXXFLAGS='-g -O2 -Wall -Wextra -Wformat-nonliteral -Wformat-security -Wswitch-default -Wswitch-enum -Wunused-parameter -Wfloat-equal -Werror -DDEBUG -g -O1 -DDEBUG -g -O1'
CYGPATH_W='echo'
DEFS='-DHAVE_CONFIG_H'
DEPDIR='.deps'
DSYMUTIL=''
DUMPBIN=''
ECHO_C=''
ECHO_N='-n'
ECHO_T=''
EGREP='/bin/grep -E'
EXEEXT=''
FGREP='/bin/grep -F'
GREP='/bin/grep'
GTEXTUTILS_CFLAGS='-I/shr/home/cc472/bin/libgtextutils-0.6/include/gtextutils  '
GTEXTUTILS_LIBS='-L/shr/home/cc472/bin/libgtextutils-0.6/lib -lgtextutils  '
INSTALL_DATA='${INSTALL} -m 644'
INSTALL_PROGRAM='${INSTALL}'
INSTALL_SCRIPT='${INSTALL}'
INSTALL_STRIP_PROGRAM='$(install_sh) -c -s'
LD='/usr/bin/ld -m elf_x86_64'
LDFLAGS=''
LIBOBJS=''
LIBS=''
LIBTOOL='$(SHELL) $(top_builddir)/libtool'
LIPO=''
LN_S='ln -s'
LTLIBOBJS=''
LT_LDFLAGS=''
MAKEINFO='${SHELL} /shr/home/cc472/bin/fastx_toolkit-0.0.13/config/missing --run makeinfo'
NM='/usr/bin/nm -B'
NMEDIT=''
OBJDUMP='objdump'
OBJEXT='o'
OTOOL64=''
OTOOL=''
PACKAGE='fastx_toolkit'
PACKAGE_BUGREPORT='Assaf Gordon gordon@cshl.edu'
PACKAGE_NAME='FASTX Toolkit'
PACKAGE_STRING='FASTX Toolkit 0.0.13'
PACKAGE_TARNAME='fastx_toolkit'
PACKAGE_VERSION='0.0.13'
PATH_SEPARATOR=':'
PKG_CONFIG='/usr/bin/pkg-config'
RANLIB='ranlib'
SED='/bin/sed'
SET_MAKE=''
SHELL='/bin/sh'
STRIP='strip'
VERSION='0.0.13'
ac_ct_CC='gcc'
ac_ct_CXX='g++'
ac_ct_DUMPBIN=''
am__fastdepCC_FALSE='#'
am__fastdepCC_TRUE=''
am__fastdepCXX_FALSE='#'
am__fastdepCXX_TRUE=''
am__include='include'
am__isrc=''
am__leading_dot='.'
am__quote=''
am__tar='${AMTAR} chof - "$$tardir"'
am__untar='${AMTAR} xf -'
bindir='${exec_prefix}/bin'
build='x86_64-unknown-linux-gnu'
build_alias=''
build_cpu='x86_64'
build_os='linux-gnu'
build_vendor='unknown'
datadir='${datarootdir}'
datarootdir='${prefix}/share'
docdir='${datarootdir}/doc/${PACKAGE_TARNAME}'
dvidir='${docdir}'
exec_prefix='${prefix}'
host='x86_64-unknown-linux-gnu'
host_alias=''
host_cpu='x86_64'
host_os='linux-gnu'
host_vendor='unknown'
htmldir='${docdir}'
includedir='${prefix}/include'
infodir='${datarootdir}/info'
install_sh='$(SHELL) /shr/home/cc472/bin/fastx_toolkit-0.0.13/config/install-sh'
libdir='${exec_prefix}/lib'
libexecdir='${exec_prefix}/libexec'
localedir='${datarootdir}/locale'
localstatedir='${prefix}/var'
lt_ECHO='echo'
mandir='${datarootdir}/man'
mkdir_p='/bin/mkdir -p'
oldincludedir='/usr/include'
pdfdir='${docdir}'
prefix='/shr/home/cc472/bin/fastx_toolkit-0.0.13'
program_transform_name='s,x,x,'
psdir='${docdir}'
sbindir='${exec_prefix}/sbin'
sharedstatedir='${prefix}/com'
sysconfdir='${prefix}/etc'
target_alias=''

## ----------- ##
## confdefs.h. ##
## ----------- ##

#define PACKAGE_NAME "FASTX Toolkit"
#define PACKAGE_TARNAME "fastx_toolkit"
#define PACKAGE_VERSION "0.0.13"
#define PACKAGE_STRING "FASTX Toolkit 0.0.13"
#define PACKAGE_BUGREPORT "Assaf Gordon gordon@cshl.edu"
#define PACKAGE "fastx_toolkit"
#define VERSION "0.0.13"
#define STDC_HEADERS 1
#define HAVE_SYS_TYPES_H 1
#define HAVE_SYS_STAT_H 1
#define HAVE_STDLIB_H 1
#define HAVE_STRING_H 1
#define HAVE_MEMORY_H 1
#define HAVE_STRINGS_H 1
#define HAVE_INTTYPES_H 1
#define HAVE_STDINT_H 1
#define HAVE_UNISTD_H 1
#define HAVE_DLFCN_H 1
#define LT_OBJDIR ".libs/"
#define HAVE_LONG_LONG 1
#define STDCXX_TR1_HEADERS

configure: exit 0
